\BOOKMARK [0][-]{chapter.1}{\376\377\000I\000n\000t\000r\000o\000d\000u\000c\000t\000i\000o\000n}{}% 1
\BOOKMARK [0][-]{chapter.2}{\376\377\000E\000q\000u\000a\000t\000i\000o\000n\000s\000\040\000d\000i\000f\000f\000\351\000r\000e\000n\000t\000i\000e\000l\000l\000e\000s\000\040\000o\000r\000d\000i\000n\000a\000i\000r\000e\000s}{}% 2
\BOOKMARK [1][-]{section.2.1}{\376\377\000d\000e\000f\000i\000n\000i\000t\000i\000o\000n}{chapter.2}% 3
\BOOKMARK [1][-]{section.2.2}{\376\377\000E\000x\000i\000s\000t\000e\000n\000c\000e\000\040\000e\000t\000\040\000u\000n\000i\000c\000i\000t\000\040\000d\000'\000u\000n\000e\000\040\000s\000o\000l\000u\000t\000i\000o\000n\000\040\000d\000e\000\040\000E\000D\000V\000S}{chapter.2}% 4
\BOOKMARK [0][-]{chapter.3}{\376\377\000M\000\351\000t\000h\000o\000d\000e\000\040\000d\000e\000\040\000d\000\351\000m\000o\000n\000s\000t\000r\000a\000t\000i\000o\000n\000,\000\040\000R\000a\000i\000s\000o\000n\000n\000e\000m\000e\000n\000t\000\040\000m\000a\000t\000h\000\351\000m\000a\000t\000i\000q\000u\000e}{}% 5
\BOOKMARK [1][-]{section.3.1}{\376\377\000M\000\351\000t\000h\000o\000d\000e\000\040\000d\000e\000\040\000d\000\351\000m\000o\000n\000s\000t\000r\000a\000t\000i\000o\000n}{chapter.3}% 6
\BOOKMARK [2][-]{subsection.3.1.1}{\376\377\000T\000h\000\351\000o\000r\000\350\000m\000e\000\040\000E\000x\000i\000s\000t\000e\000n\000c\000e\000\040\000e\000t\000\040\000u\000n\000i\000c\000i\000t\000\351\000\040\000d\000'\000u\000n\000e\000\040\000s\000o\000l\000u\000t\000i\000o\000n\000\040\000d\000e\000\040\000E\000D\000V\000S}{section.3.1}% 7
\BOOKMARK [2][-]{subsection.3.1.2}{\376\377\000S\000o\000l\000u\000t\000i\000o\000n\000\040\000m\000a\000x\000i\000m\000a\000l\000e}{section.3.1}% 8
\BOOKMARK [1][-]{section.3.2}{\376\377\000E\000q\000u\000a\000t\000i\000o\000n\000\040\000d\000i\000f\000f\000\351\000r\000e\000n\000t\000i\000e\000l\000l\000e\000\040\000l\000i\000n\000\351\000a\000i\000r\000e\000\040\000d\000u\000\040\000p\000r\000e\000m\000i\000e\000r\000\040\000o\000r\000d\000r\000e\000\040\000\050\000E\000D\000L\0001\000\051}{chapter.3}% 9
\BOOKMARK [2][-]{subsection.3.2.1}{\376\377\000P\000r\000i\000n\000c\000i\000p\000e\000\040\000d\000e\000\040\000s\000u\000p\000e\000r\000p\000o\000s\000i\000t\000i\000o\000n\000\040\000d\000e\000\040\000s\000o\000l\000u\000t\000i\000o\000n\000s}{section.3.2}% 10
\BOOKMARK [2][-]{subsection.3.2.2}{\376\377\000T\000h\000\351\000o\000r\000\350\000m\000e\000\040\000\340\000\040\000s\000a\000v\000o\000i\000r\000\040\000p\000o\000u\000r\000\040\000l\000'\000e\000x\000a\000m\000e\000n}{section.3.2}% 11
\BOOKMARK [2][-]{subsection.3.2.3}{\376\377\000R\000a\000p\000p\000e\000l\000:\000\040\000E\000q\000u\000a\000t\000i\000o\000n\000\040\000d\000i\000f\000f\000\351\000r\000e\000n\000t\000i\000e\000l\000l\000e\000s\000\040\000l\000i\000n\000\351\000a\000i\000r\000e\000s\000\040\000d\000u\000\040\000p\000r\000e\000m\000i\000e\000r\000\040\000o\000r\000d\000r\000e\000\040\000\050\000E\000D\000L\0001\000\051}{section.3.2}% 12
\BOOKMARK [2][-]{subsection.3.2.4}{\376\377\000A\000p\000p\000l\000i\000c\000a\000t\000i\000o\000n\000\040\000d\000e\000\040\000E\000D\000V\000S\000\040\000\050\000E\000D\000L\0001\000\051\000:\000\040\000C\000r\000o\000i\000s\000s\000a\000n\000c\000e\000\040\000e\000t\000\040\000d\000e\000c\000r\000o\000i\000s\000s\000a\000n\000c\000e\000\040\000e\000x\000p\000o\000n\000e\000n\000t\000i\000e\000l\000l\000e}{section.3.2}% 13
\BOOKMARK [1][-]{section.3.3}{\376\377\000M\000\351\000t\000h\000o\000d\000e\000s\000\040\000d\000e\000\040\000d\000\351\000m\000o\000n\000s\000t\000r\000a\000t\000i\000o\000n}{chapter.3}% 14
\BOOKMARK [1][-]{section.3.4}{\376\377\000E\000q\000u\000a\000t\000i\000o\000n\000\040\000d\000i\000f\000f\000\351\000r\000e\000n\000t\000i\000e\000l\000l\000e\000\040\000d\000u\000\040\000s\000e\000c\000o\000n\000d\000\040\000o\000r\000d\000r\000e}{chapter.3}% 15
\BOOKMARK [2][-]{subsection.3.4.1}{\376\377\000U\000n\000i\000c\000i\000t\000\351\000\040\000d\000'\000u\000n\000\040\000E\000D\000L\0002}{section.3.4}% 16
\BOOKMARK [2][-]{subsection.3.4.2}{\376\377\000R\000a\000p\000p\000e\000l\000:\000\040\000E\000q\000u\000a\000t\000i\000o\000n\000\040\000d\000i\000f\000f\000\351\000r\000e\000n\000t\000i\000e\000l\000l\000e\000\040\000l\000i\000n\000\351\000a\000i\000r\000e\000s\000\040\000d\000u\000\040\000s\000e\000c\000o\000n\000d\000\040\000o\000r\000d\000r\000e\000\040\000\050\000E\000D\000L\0002\000\051}{section.3.4}% 17
\BOOKMARK [2][-]{subsection.3.4.3}{\376\377\000C\000a\000r\000a\000c\000t\000\351\000r\000i\000s\000a\000t\000i\000o\000n\000\040\000d\000e\000s\000\040\0002\000\040\000s\000o\000l\000u\000t\000i\000o\000n\000s\000\040\000d\000e\000\040\000E\000D\000L\0002\000\040\000l\000i\000n\000\351\000a\000i\000r\000e\000m\000e\000n\000t\000\040\000i\000n\000d\000\351\000p\000e\000n\000d\000a\000n\000t\000e}{section.3.4}% 18
\BOOKMARK [2][-]{subsection.3.4.4}{\376\377\000D\000\351\000m\000o\000n\000s\000t\000r\000a\000t\000i\000o\000n\000\040\000\340\000\040\000s\000a\000v\000o\000i\000r}{section.3.4}% 19
\BOOKMARK [2][-]{subsection.3.4.5}{\376\377\000T\000h\000\351\000o\000r\000\350\000m\000e\000\040\000a\000u\000s\000s\000i\000\040\000\340\000\040\000s\000a\000v\000o\000i\000r}{section.3.4}% 20
